#! /opt/oss-cad-suite/bin/vvp -v
:ivl_version "13.0 (devel)" "(s20250103-31-g7e238e7ca)";
:ivl_delay_selection "TYPICAL";
:vpi_time_precision - 11;
:vpi_module "/opt/oss-cad-suite/lib/ivl/system.vpi";
:vpi_module "/opt/oss-cad-suite/lib/ivl/vhdl_sys.vpi";
:vpi_module "/opt/oss-cad-suite/lib/ivl/vhdl_textio.vpi";
:vpi_module "/opt/oss-cad-suite/lib/ivl/v2005_math.vpi";
:vpi_module "/opt/oss-cad-suite/lib/ivl/va_math.vpi";
:vpi_module "/opt/oss-cad-suite/lib/ivl/v2009.vpi";
S_0x555583c09ee0 .scope package, "$unit" "$unit" 2 1;
 .timescale 0 0;
S_0x555583c0a070 .scope module, "led_blinky_tb" "led_blinky_tb" 3 9;
 .timescale -9 -11;
P_0x555583c0a200 .param/l "DURATION" 1 3 19, +C4<00000000000000001001110001000000>;
v0x555583c67aa0_0 .var "clk", 0 0;
v0x555583c67b90_0 .net "out", 4 0, L_0x555583c67e60;  1 drivers
v0x555583c67c50_0 .var "rst", 0 0;
S_0x555583c4bf20 .scope task, "apply_reset" "apply_reset" 3 22, 3 22 0, S_0x555583c0a070;
 .timescale -9 -11;
TD_led_blinky_tb.apply_reset ;
    %delay 1000, 0;
    %pushi/vec4 0, 0, 1;
    %store/vec4 v0x555583c67c50_0, 0, 1;
    %delay 100, 0;
    %pushi/vec4 1, 0, 1;
    %store/vec4 v0x555583c67c50_0, 0, 1;
    %end;
S_0x555583c4c100 .scope module, "uut" "led_blinky" 3 40, 4 1 0, S_0x555583c0a070;
 .timescale 0 0;
    .port_info 0 /INPUT 1 "clk";
    .port_info 1 /INPUT 1 "rst";
    .port_info 2 /OUTPUT 5 "led";
L_0x555583c67d50 .functor NOT 1, v0x555583c67c50_0, C4<0>, C4<0>, C4<0>;
L_0x555583c67e60 .functor BUFZ 5, v0x555583c677d0_0, C4<00000>, C4<00000>, C4<00000>;
v0x555583c67410_0 .net "clk", 0 0, v0x555583c67aa0_0;  1 drivers
v0x555583c674b0_0 .net "clk_local", 0 0, L_0x555583c78220;  1 drivers
v0x555583c67580_0 .var/2s "count", 31 0;
v0x555583c67650_0 .net "led", 4 0, L_0x555583c67e60;  alias, 1 drivers
v0x555583c67710_0 .var/2u "m_data", 104 0;
v0x555583c677d0_0 .var "out_reg_led", 4 0;
v0x555583c678b0_0 .net "rst", 0 0, v0x555583c67c50_0;  1 drivers
v0x555583c67970_0 .net "rst_signal", 0 0, L_0x555583c67d50;  1 drivers
E_0x555583c490f0 .event posedge, v0x555583c67210_0, v0x555583c672d0_0;
S_0x555583c487e0 .scope begin, "$ivl_for_loop0" "$ivl_for_loop0" 4 15, 4 15 0, S_0x555583c4c100;
 .timescale 0 0;
v0x555583c0a720_0 .var/2s "i", 31 0;
S_0x555583c66720 .scope module, "div_clock" "clock_divider" 4 29, 5 2 0, S_0x555583c4c100;
 .timescale 0 0;
    .port_info 0 /INPUT 1 "clk";
    .port_info 1 /INPUT 1 "rst";
    .port_info 2 /OUTPUT 1 "tick";
P_0x555583c326e0 .param/l "MODULO" 0 5 5, +C4<00000000000000000000000000001000>;
P_0x555583c32720 .param/l "WIDTH" 1 5 17, +C4<00000000000000000000000000000011>;
v0x555583c66ad0_0 .net *"_ivl_0", 31 0, L_0x555583c67f20;  1 drivers
L_0x7ceb88b860f0 .functor BUFT 1, C4<0>, C4<0>, C4<0>, C4<0>;
v0x555583c66bd0_0 .net/2u *"_ivl_10", 0 0, L_0x7ceb88b860f0;  1 drivers
L_0x7ceb88b86018 .functor BUFT 1, C4<00000000000000000000000000000>, C4<0>, C4<0>, C4<0>;
v0x555583c66cb0_0 .net *"_ivl_3", 28 0, L_0x7ceb88b86018;  1 drivers
L_0x7ceb88b86060 .functor BUFT 1, C4<00000000000000000000000000000111>, C4<0>, C4<0>, C4<0>;
v0x555583c66da0_0 .net/2u *"_ivl_4", 31 0, L_0x7ceb88b86060;  1 drivers
v0x555583c66e80_0 .net *"_ivl_6", 0 0, L_0x555583c78080;  1 drivers
L_0x7ceb88b860a8 .functor BUFT 1, C4<1>, C4<0>, C4<0>, C4<0>;
v0x555583c66f90_0 .net/2u *"_ivl_8", 0 0, L_0x7ceb88b860a8;  1 drivers
v0x555583c67070_0 .net "clk", 0 0, v0x555583c67aa0_0;  alias, 1 drivers
v0x555583c67130_0 .var "count", 2 0;
v0x555583c67210_0 .net "rst", 0 0, L_0x555583c67d50;  alias, 1 drivers
v0x555583c672d0_0 .net "tick", 0 0, L_0x555583c78220;  alias, 1 drivers
E_0x555583c49f60 .event posedge, v0x555583c67210_0, v0x555583c67070_0;
L_0x555583c67f20 .concat [ 3 29 0 0], v0x555583c67130_0, L_0x7ceb88b86018;
L_0x555583c78080 .cmp/eq 32, L_0x555583c67f20, L_0x7ceb88b86060;
L_0x555583c78220 .functor MUXZ 1, L_0x7ceb88b860f0, L_0x7ceb88b860a8, L_0x555583c78080, C4<>;
    .scope S_0x555583c66720;
T_1 ;
    %pushi/vec4 0, 0, 3;
    %store/vec4 v0x555583c67130_0, 0, 3;
    %end;
    .thread T_1, $init;
    .scope S_0x555583c66720;
T_2 ;
    %wait E_0x555583c49f60;
    %load/vec4 v0x555583c67210_0;
    %cmpi/e 1, 0, 1;
    %jmp/0xz  T_2.0, 4;
    %pushi/vec4 0, 0, 3;
    %assign/vec4 v0x555583c67130_0, 0;
    %jmp T_2.1;
T_2.0 ;
    %load/vec4 v0x555583c672d0_0;
    %cmpi/e 1, 0, 1;
    %jmp/0xz  T_2.2, 4;
    %pushi/vec4 0, 0, 3;
    %assign/vec4 v0x555583c67130_0, 0;
    %jmp T_2.3;
T_2.2 ;
    %load/vec4 v0x555583c67130_0;
    %addi 1, 0, 3;
    %assign/vec4 v0x555583c67130_0, 0;
T_2.3 ;
T_2.1 ;
    %jmp T_2;
    .thread T_2;
    .scope S_0x555583c4c100;
T_3 ;
    %pushi/vec4 0, 0, 32;
    %store/vec4 v0x555583c67580_0, 0, 32;
    %pushi/vec4 0, 0, 5;
    %store/vec4 v0x555583c677d0_0, 0, 5;
    %end;
    .thread T_3, $init;
    .scope S_0x555583c4c100;
T_4 ;
    %fork t_1, S_0x555583c487e0;
    %jmp t_0;
    .scope S_0x555583c487e0;
t_1 ;
    %pushi/vec4 0, 0, 32;
    %store/vec4 v0x555583c0a720_0, 0, 32;
T_4.0 ; Top of for-loop
    %load/vec4 v0x555583c0a720_0;
    %cmpi/s 21, 0, 32;
	  %jmp/0xz T_4.1, 5;
    %load/vec4 v0x555583c67710_0;
    %load/vec4 v0x555583c0a720_0;
    %pad/s 35;
    %muli 5, 0, 35;
    %part/s 5;
    %load/vec4 v0x555583c67710_0;
    %load/vec4 v0x555583c0a720_0;
    %pad/s 35;
    %muli 5, 0, 35;
    %part/s 5;
    %vpi_call/w 4 16 "$display", "m_data[%0d] = %b (0x%0h)", v0x555583c0a720_0, S<1,vec4,u5>, S<0,vec4,u5> {2 0 0};
    %load/vec4 v0x555583c0a720_0;
    %pad/s 5;
    %load/vec4 v0x555583c0a720_0;
    %pad/s 35;
    %muli 5, 0, 35;
    %ix/vec4/s 4;
    %store/vec4 v0x555583c67710_0, 4, 5;
T_4.2 ; for-loop step statement
    ; show_stmt_assign_vector: Get l-value for compressed += operand
    %load/vec4 v0x555583c0a720_0;
    %pushi/vec4 1, 0, 32;
    %add;
    %cast2;
    %store/vec4 v0x555583c0a720_0, 0, 32;
    %jmp T_4.0;
T_4.1 ; for-loop exit label
    %end;
    .scope S_0x555583c4c100;
t_0 %join;
    %end;
    .thread T_4;
    .scope S_0x555583c4c100;
T_5 ;
    %wait E_0x555583c490f0;
    %load/vec4 v0x555583c67970_0;
    %cmpi/e 1, 0, 1;
    %jmp/0xz  T_5.0, 4;
    %pushi/vec4 0, 0, 5;
    %assign/vec4 v0x555583c677d0_0, 0;
    %jmp T_5.1;
T_5.0 ;
    %load/vec4 v0x555583c67580_0;
    %cmpi/s 21, 0, 32;
    %jmp/0xz  T_5.2, 5;
    %load/vec4 v0x555583c67580_0;
    %addi 1, 0, 32;
    %assign/vec4 v0x555583c67580_0, 0;
    %load/vec4 v0x555583c67710_0;
    %load/vec4 v0x555583c67580_0;
    %pad/s 35;
    %muli 5, 0, 35;
    %part/s 5;
    %assign/vec4 v0x555583c677d0_0, 0;
    %jmp T_5.3;
T_5.2 ;
    %pushi/vec4 0, 0, 5;
    %assign/vec4 v0x555583c677d0_0, 0;
    %pushi/vec4 0, 0, 32;
    %assign/vec4 v0x555583c67580_0, 0;
T_5.3 ;
T_5.1 ;
    %jmp T_5;
    .thread T_5;
    .scope S_0x555583c0a070;
T_6 ;
    %pushi/vec4 0, 0, 1;
    %store/vec4 v0x555583c67aa0_0, 0, 1;
    %pushi/vec4 0, 0, 1;
    %store/vec4 v0x555583c67c50_0, 0, 1;
    %end;
    .thread T_6, $init;
    .scope S_0x555583c0a070;
T_7 ;
    %delay 4167, 0;
    %load/vec4 v0x555583c67aa0_0;
    %inv;
    %store/vec4 v0x555583c67aa0_0, 0, 1;
    %jmp T_7;
    .thread T_7;
    .scope S_0x555583c0a070;
T_8 ;
    %fork TD_led_blinky_tb.apply_reset, S_0x555583c4bf20;
    %join;
    %end;
    .thread T_8;
    .scope S_0x555583c0a070;
T_9 ;
    %vpi_call/w 3 55 "$dumpfile", "led_blinky.vcd" {0 0 0};
    %vpi_call/w 3 56 "$dumpvars", 32'sb00000000000000000000000000000000, S_0x555583c0a070 {0 0 0};
    %delay 4000000, 0;
    %vpi_call/w 3 62 "$display", "Finished!" {0 0 0};
    %vpi_call/w 3 63 "$finish" {0 0 0};
    %end;
    .thread T_9;
# The file index is used to find the file name in the following table.
:file_names 6;
    "N/A";
    "<interactive>";
    "-";
    "led_blinky_tb.sv";
    "led_blinky.sv";
    "clock-div.sv";
