#! /opt/oss-cad-suite/bin/vvp -v
:ivl_version "13.0 (devel)" "(s20250103-31-g7e238e7ca)";
:ivl_delay_selection "TYPICAL";
:vpi_time_precision - 11;
:vpi_module "/opt/oss-cad-suite/lib/ivl/system.vpi";
:vpi_module "/opt/oss-cad-suite/lib/ivl/vhdl_sys.vpi";
:vpi_module "/opt/oss-cad-suite/lib/ivl/vhdl_textio.vpi";
:vpi_module "/opt/oss-cad-suite/lib/ivl/v2005_math.vpi";
:vpi_module "/opt/oss-cad-suite/lib/ivl/va_math.vpi";
:vpi_module "/opt/oss-cad-suite/lib/ivl/v2009.vpi";
S_0x555563242b00 .scope package, "$unit" "$unit" 2 1;
 .timescale 0 0;
S_0x555563242c90 .scope module, "clock_divider_tb" "clock_divider_tb" 3 9;
 .timescale -9 -11;
P_0x555563242e20 .param/l "DURATION" 1 3 19, +C4<00000000000000000010011100010000>;
v0x555563259c20_0 .var "clk", 0 0;
v0x555563259cc0_0 .net "out", 0 0, L_0x55556326a1a0;  1 drivers
v0x555563259d90_0 .var "rst", 0 0;
S_0x555563206ee0 .scope task, "apply_reset" "apply_reset" 3 22, 3 22 0, S_0x555563242c90;
 .timescale -9 -11;
TD_clock_divider_tb.apply_reset ;
    %delay 1000, 0;
    %pushi/vec4 1, 0, 1;
    %store/vec4 v0x555563259d90_0, 0, 1;
    %delay 100, 0;
    %pushi/vec4 0, 0, 1;
    %store/vec4 v0x555563259d90_0, 0, 1;
    %end;
S_0x5555632070c0 .scope module, "uut" "clock_divider" 3 40, 4 1 0, S_0x555563242c90;
 .timescale 0 0;
    .port_info 0 /INPUT 1 "clk";
    .port_info 1 /INPUT 1 "rst";
    .port_info 2 /OUTPUT 1 "tick";
P_0x55556322dee0 .param/l "MODULO" 0 4 4, +C4<00000000010110111000110110000000>;
P_0x55556322df20 .param/l "WIDTH" 1 4 16, +C4<00000000000000000000000000010111>;
v0x555563242ec0_0 .net *"_ivl_0", 31 0, L_0x555563259e90;  1 drivers
L_0x7bbcf92460f0 .functor BUFT 1, C4<0>, C4<0>, C4<0>, C4<0>;
v0x5555632593e0_0 .net/2u *"_ivl_10", 0 0, L_0x7bbcf92460f0;  1 drivers
L_0x7bbcf9246018 .functor BUFT 1, C4<000000000>, C4<0>, C4<0>, C4<0>;
v0x5555632594c0_0 .net *"_ivl_3", 8 0, L_0x7bbcf9246018;  1 drivers
L_0x7bbcf9246060 .functor BUFT 1, C4<00000000010110111000110101111111>, C4<0>, C4<0>, C4<0>;
v0x5555632595b0_0 .net/2u *"_ivl_4", 31 0, L_0x7bbcf9246060;  1 drivers
v0x555563259690_0 .net *"_ivl_6", 0 0, L_0x55556326a000;  1 drivers
L_0x7bbcf92460a8 .functor BUFT 1, C4<1>, C4<0>, C4<0>, C4<0>;
v0x5555632597a0_0 .net/2u *"_ivl_8", 0 0, L_0x7bbcf92460a8;  1 drivers
v0x555563259880_0 .net "clk", 0 0, v0x555563259c20_0;  1 drivers
v0x555563259940_0 .var "count", 22 0;
v0x555563259a20_0 .net "rst", 0 0, v0x555563259d90_0;  1 drivers
v0x555563259ae0_0 .net "tick", 0 0, L_0x55556326a1a0;  alias, 1 drivers
E_0x555563207710 .event posedge, v0x555563259a20_0, v0x555563259880_0;
L_0x555563259e90 .concat [ 23 9 0 0], v0x555563259940_0, L_0x7bbcf9246018;
L_0x55556326a000 .cmp/eq 32, L_0x555563259e90, L_0x7bbcf9246060;
L_0x55556326a1a0 .functor MUXZ 1, L_0x7bbcf92460f0, L_0x7bbcf92460a8, L_0x55556326a000, C4<>;
    .scope S_0x5555632070c0;
T_1 ;
    %pushi/vec4 0, 0, 23;
    %store/vec4 v0x555563259940_0, 0, 23;
    %end;
    .thread T_1, $init;
    .scope S_0x5555632070c0;
T_2 ;
    %wait E_0x555563207710;
    %load/vec4 v0x555563259a20_0;
    %cmpi/e 1, 0, 1;
    %jmp/0xz  T_2.0, 4;
    %pushi/vec4 0, 0, 23;
    %assign/vec4 v0x555563259940_0, 0;
    %jmp T_2.1;
T_2.0 ;
    %load/vec4 v0x555563259ae0_0;
    %cmpi/e 1, 0, 1;
    %jmp/0xz  T_2.2, 4;
    %pushi/vec4 0, 0, 23;
    %assign/vec4 v0x555563259940_0, 0;
    %jmp T_2.3;
T_2.2 ;
    %load/vec4 v0x555563259940_0;
    %addi 1, 0, 23;
    %assign/vec4 v0x555563259940_0, 0;
T_2.3 ;
T_2.1 ;
    %jmp T_2;
    .thread T_2;
    .scope S_0x555563242c90;
T_3 ;
    %pushi/vec4 0, 0, 1;
    %store/vec4 v0x555563259c20_0, 0, 1;
    %pushi/vec4 0, 0, 1;
    %store/vec4 v0x555563259d90_0, 0, 1;
    %end;
    .thread T_3, $init;
    .scope S_0x555563242c90;
T_4 ;
    %delay 4167, 0;
    %load/vec4 v0x555563259c20_0;
    %inv;
    %store/vec4 v0x555563259c20_0, 0, 1;
    %jmp T_4;
    .thread T_4;
    .scope S_0x555563242c90;
T_5 ;
    %fork TD_clock_divider_tb.apply_reset, S_0x555563206ee0;
    %join;
    %end;
    .thread T_5;
    .scope S_0x555563242c90;
T_6 ;
    %vpi_call/w 3 55 "$dumpfile", "clk-div_tb.vcd" {0 0 0};
    %vpi_call/w 3 56 "$dumpvars", 32'sb00000000000000000000000000000000, S_0x555563242c90 {0 0 0};
    %delay 1000000, 0;
    %vpi_call/w 3 62 "$display", "Finished!" {0 0 0};
    %vpi_call/w 3 63 "$finish" {0 0 0};
    %end;
    .thread T_6;
# The file index is used to find the file name in the following table.
:file_names 5;
    "N/A";
    "<interactive>";
    "-";
    "clk-div_tb.sv";
    "clock-div.sv";
